{"level":"info","message":"API Gateway is running on port 3000","service":"api-gateway","timestamp":"2025-03-01T06:58:37.598Z"}
{"level":"info","message":"Identity service is running on port http://localhost:3001","service":"api-gateway","timestamp":"2025-03-01T06:58:37.605Z"}
{"level":"info","message":"Redis Url undefined","service":"api-gateway","timestamp":"2025-03-01T06:58:37.606Z"}
{"level":"info","message":"API Gateway is running on port 3000","service":"api-gateway","timestamp":"2025-03-01T06:58:38.517Z"}
{"level":"info","message":"Identity service is running on port http://localhost:3001","service":"api-gateway","timestamp":"2025-03-01T06:58:38.524Z"}
{"level":"info","message":"Redis Url undefined","service":"api-gateway","timestamp":"2025-03-01T06:58:38.525Z"}
{"level":"info","message":"API Gateway is running on port 3000","service":"api-gateway","timestamp":"2025-03-01T06:59:57.812Z"}
{"level":"info","message":"Identity service is running on port http://localhost:3001","service":"api-gateway","timestamp":"2025-03-01T06:59:57.819Z"}
{"level":"info","message":"Redis Url redis://localhost:6379","service":"api-gateway","timestamp":"2025-03-01T06:59:57.820Z"}
{"level":"info","message":"Recieved POST request to /v1/auth/register","service":"api-gateway","timestamp":"2025-03-01T07:17:31.324Z"}
{"level":"info","message":"Request body, [object Object]","service":"api-gateway","timestamp":"2025-03-01T07:17:31.326Z"}
{"level":"error","message":"Proxy error: api is not defined","service":"api-gateway","timestamp":"2025-03-01T07:17:31.329Z"}
{"level":"info","message":"API Gateway is running on port 3000","service":"api-gateway","timestamp":"2025-03-01T07:17:32.213Z"}
{"level":"info","message":"Identity service is running on port http://localhost:3001","service":"api-gateway","timestamp":"2025-03-01T07:17:32.221Z"}
{"level":"info","message":"Redis Url redis://localhost:6379","service":"api-gateway","timestamp":"2025-03-01T07:17:32.222Z"}
{"level":"info","message":"Recieved POST request to /v1/auth/register","service":"api-gateway","timestamp":"2025-03-01T07:17:46.735Z"}
{"level":"info","message":"Request body, [object Object]","service":"api-gateway","timestamp":"2025-03-01T07:17:46.736Z"}
{"level":"error","message":"Proxy error: api is not defined","service":"api-gateway","timestamp":"2025-03-01T07:17:46.740Z"}
{"level":"info","message":"API Gateway is running on port 3000","service":"api-gateway","timestamp":"2025-03-01T07:25:06.176Z"}
{"level":"info","message":"Identity service is running on port http://localhost:3001","service":"api-gateway","timestamp":"2025-03-01T07:25:06.184Z"}
{"level":"info","message":"Redis Url redis://localhost:6379","service":"api-gateway","timestamp":"2025-03-01T07:25:06.185Z"}
{"level":"info","message":"API Gateway is running on port 3000","service":"api-gateway","timestamp":"2025-03-01T07:25:06.995Z"}
{"level":"info","message":"Identity service is running on port http://localhost:3001","service":"api-gateway","timestamp":"2025-03-01T07:25:07.003Z"}
{"level":"info","message":"Redis Url redis://localhost:6379","service":"api-gateway","timestamp":"2025-03-01T07:25:07.004Z"}
{"level":"info","message":"Recieved POST request to /v1/auth/register","service":"api-gateway","timestamp":"2025-03-01T07:25:56.192Z"}
{"level":"info","message":"Request body, [object Object]","service":"api-gateway","timestamp":"2025-03-01T07:25:56.194Z"}
{"level":"error","message":"Proxy error: read ECONNRESET","service":"api-gateway","timestamp":"2025-03-01T07:25:56.483Z"}
{"level":"info","message":"API Gateway is running on port 3000","service":"api-gateway","timestamp":"2025-03-01T07:29:42.380Z"}
{"level":"info","message":"Identity service is running on port http://localhost:3001","service":"api-gateway","timestamp":"2025-03-01T07:29:42.387Z"}
{"level":"info","message":"Redis Url redis://localhost:6379","service":"api-gateway","timestamp":"2025-03-01T07:29:42.388Z"}
{"level":"info","message":"Recieved POST request to /v1/auth/register","service":"api-gateway","timestamp":"2025-03-01T07:29:56.816Z"}
{"level":"info","message":"Request body, [object Object]","service":"api-gateway","timestamp":"2025-03-01T07:29:56.818Z"}
{"level":"info","message":"Response received from Identity service: 400","service":"api-gateway","timestamp":"2025-03-01T07:29:57.155Z"}
{"level":"info","message":"Recieved POST request to /v1/auth/register","service":"api-gateway","timestamp":"2025-03-01T07:30:34.128Z"}
{"level":"info","message":"Request body, [object Object]","service":"api-gateway","timestamp":"2025-03-01T07:30:34.130Z"}
{"level":"info","message":"Response received from Identity service: 400","service":"api-gateway","timestamp":"2025-03-01T07:30:34.370Z"}
{"level":"info","message":"Recieved POST request to /v1/auth/register","service":"api-gateway","timestamp":"2025-03-01T07:30:44.954Z"}
{"level":"info","message":"Request body, [object Object]","service":"api-gateway","timestamp":"2025-03-01T07:30:44.955Z"}
{"level":"info","message":"Response received from Identity service: 201","service":"api-gateway","timestamp":"2025-03-01T07:30:45.487Z"}
{"level":"info","message":"API Gateway is running on port 3000","service":"api-gateway","timestamp":"2025-03-01T07:33:01.198Z"}
{"level":"info","message":"Identity service is running on port http://localhost:3001","service":"api-gateway","timestamp":"2025-03-01T07:33:01.205Z"}
{"level":"info","message":"Redis Url redis://localhost:6379","service":"api-gateway","timestamp":"2025-03-01T07:33:01.205Z"}
{"level":"info","message":"API Gateway is running on port 3000","service":"api-gateway","timestamp":"2025-03-01T18:41:24.959Z"}
{"level":"info","message":"Identity service is running on port http://localhost:3001","service":"api-gateway","timestamp":"2025-03-01T18:41:24.966Z"}
{"level":"info","message":"Identity service is running on port http://localhost:3002","service":"api-gateway","timestamp":"2025-03-01T18:41:24.967Z"}
{"level":"info","message":"Redis Url redis://localhost:6379","service":"api-gateway","timestamp":"2025-03-01T18:41:24.967Z"}
{"level":"info","message":"API Gateway is running on port 4000","service":"api-gateway","timestamp":"2025-03-03T17:03:21.805Z"}
{"level":"info","message":"Identity service is running on port http://localhost:3001","service":"api-gateway","timestamp":"2025-03-03T17:03:21.810Z"}
{"level":"info","message":"Identity service is running on port http://localhost:3002","service":"api-gateway","timestamp":"2025-03-03T17:03:21.810Z"}
{"level":"info","message":"Media service is running on port http://localhost:3003","service":"api-gateway","timestamp":"2025-03-03T17:03:21.810Z"}
{"level":"info","message":"Redis Url redis://localhost:6379","service":"api-gateway","timestamp":"2025-03-03T17:03:21.811Z"}
{"level":"info","message":"Recieved GET request to /v1/media.upload","service":"api-gateway","timestamp":"2025-03-03T17:08:00.426Z"}
{"level":"info","message":"Request body, [object Object]","service":"api-gateway","timestamp":"2025-03-03T17:08:00.427Z"}
{"level":"info","message":"Recieved GET request to /v1/media/upload","service":"api-gateway","timestamp":"2025-03-03T17:08:15.486Z"}
{"level":"info","message":"Request body, [object Object]","service":"api-gateway","timestamp":"2025-03-03T17:08:15.486Z"}
{"level":"warn","message":"Access Attempt without valid token","service":"api-gateway","timestamp":"2025-03-03T17:08:15.488Z"}
{"level":"info","message":"Recieved POST request to /v1/media/upload","service":"api-gateway","timestamp":"2025-03-03T17:09:33.126Z"}
{"level":"info","message":"Request body, [object Object]","service":"api-gateway","timestamp":"2025-03-03T17:09:33.127Z"}
{"level":"warn","message":"Access Attempt without valid token","service":"api-gateway","timestamp":"2025-03-03T17:09:33.127Z"}
{"level":"info","message":"Recieved POST request to /v1/media/upload","service":"api-gateway","timestamp":"2025-03-03T17:09:35.745Z"}
{"level":"info","message":"Request body, [object Object]","service":"api-gateway","timestamp":"2025-03-03T17:09:35.746Z"}
{"level":"warn","message":"Access Attempt without valid token","service":"api-gateway","timestamp":"2025-03-03T17:09:35.747Z"}
{"level":"info","message":"Recieved POST request to /v1/auth/login","service":"api-gateway","timestamp":"2025-03-03T17:12:13.853Z"}
{"level":"info","message":"Request body, [object Object]","service":"api-gateway","timestamp":"2025-03-03T17:12:13.854Z"}
{"level":"info","message":"Response received from Identity service: 400","service":"api-gateway","timestamp":"2025-03-03T17:12:14.019Z"}
