{"level":"info","message":"Post Service running on port 3002","service":"post-service","timestamp":"2025-03-01T15:15:00.610Z"}
{"level":"info","message":"Post Service running on port 3002","service":"post-service","timestamp":"2025-03-01T15:15:01.666Z"}
{"level":"info","message":"Connected to mongodb","service":"post-service","timestamp":"2025-03-01T15:15:02.197Z"}
{"level":"info","message":"Post Service running on port 3002","service":"post-service","timestamp":"2025-03-03T16:56:18.027Z"}
{"level":"info","message":"Post Service running on port 3002","service":"post-service","timestamp":"2025-03-03T16:56:19.129Z"}
{"level":"info","message":"Connected to mongodb","service":"post-service","timestamp":"2025-03-03T16:56:19.587Z"}
{"level":"info","message":"Post Service running on port 3002","service":"post-service","timestamp":"2025-03-03T17:16:39.826Z"}
{"level":"info","message":"Post Service running on port 3002","service":"post-service","timestamp":"2025-03-03T17:16:40.935Z"}
{"level":"info","message":"Connected to mongodb","service":"post-service","timestamp":"2025-03-03T17:16:41.430Z"}
{"level":"info","message":"Recieved POST request to /api/posts/create-post","service":"post-service","timestamp":"2025-03-03T17:19:13.560Z"}
{"level":"info","message":"Request body, [object Object]","service":"post-service","timestamp":"2025-03-03T17:19:13.561Z"}
{"level":"info","message":"create post end points hit...","service":"post-service","timestamp":"2025-03-03T17:19:13.568Z"}
{"0":"\"","1":"m","10":"i","11":"s","12":" ","13":"n","14":"o","15":"t","16":" ","17":"a","18":"l","19":"l","2":"e","20":"o","21":"w","22":"e","23":"d","3":"d","4":"i","5":"a","6":"I","7":"d","8":"\"","9":" ","level":"warn","message":"Validation post error","service":"post-service","timestamp":"2025-03-03T17:19:13.577Z"}
{"level":"info","message":"Post Service running on port 3002","service":"post-service","timestamp":"2025-03-03T17:19:14.768Z"}
{"level":"info","message":"Connected to mongodb","service":"post-service","timestamp":"2025-03-03T17:19:15.314Z"}
{"level":"info","message":"Recieved POST request to /api/posts/create-post","service":"post-service","timestamp":"2025-03-03T17:19:40.023Z"}
{"level":"info","message":"Request body, [object Object]","service":"post-service","timestamp":"2025-03-03T17:19:40.024Z"}
{"level":"info","message":"create post end points hit...","service":"post-service","timestamp":"2025-03-03T17:19:40.028Z"}
{"0":"\"","1":"m","10":"i","11":"s","12":" ","13":"n","14":"o","15":"t","16":" ","17":"a","18":"l","19":"l","2":"e","20":"o","21":"w","22":"e","23":"d","3":"d","4":"i","5":"a","6":"I","7":"d","8":"\"","9":" ","level":"warn","message":"Validation post error","service":"post-service","timestamp":"2025-03-03T17:19:40.037Z"}
{"level":"info","message":"Recieved POST request to /api/posts/create-post","service":"post-service","timestamp":"2025-03-03T17:20:09.852Z"}
{"level":"info","message":"Request body, [object Object]","service":"post-service","timestamp":"2025-03-03T17:20:09.853Z"}
{"level":"info","message":"create post end points hit...","service":"post-service","timestamp":"2025-03-03T17:20:09.856Z"}
{"0":"\"","1":"m","10":"i","11":"s","12":" ","13":"n","14":"o","15":"t","16":" ","17":"a","18":"l","19":"l","2":"e","20":"o","21":"w","22":"e","23":"d","3":"d","4":"i","5":"a","6":"I","7":"d","8":"\"","9":" ","level":"warn","message":"Validation post error","service":"post-service","timestamp":"2025-03-03T17:20:09.857Z"}
{"level":"info","message":"Recieved POST request to /api/posts/create-post","service":"post-service","timestamp":"2025-03-03T17:20:11.285Z"}
{"level":"info","message":"Request body, [object Object]","service":"post-service","timestamp":"2025-03-03T17:20:11.286Z"}
{"level":"info","message":"create post end points hit...","service":"post-service","timestamp":"2025-03-03T17:20:11.287Z"}
{"0":"\"","1":"m","10":"i","11":"s","12":" ","13":"n","14":"o","15":"t","16":" ","17":"a","18":"l","19":"l","2":"e","20":"o","21":"w","22":"e","23":"d","3":"d","4":"i","5":"a","6":"I","7":"d","8":"\"","9":" ","level":"warn","message":"Validation post error","service":"post-service","timestamp":"2025-03-03T17:20:11.289Z"}
{"level":"info","message":"Recieved POST request to /api/posts/create-post","service":"post-service","timestamp":"2025-03-03T17:21:11.543Z"}
{"level":"info","message":"Request body, [object Object]","service":"post-service","timestamp":"2025-03-03T17:21:11.543Z"}
{"level":"info","message":"create post end points hit...","service":"post-service","timestamp":"2025-03-03T17:21:11.545Z"}
{"$__":{"$versionError":null,"activePaths":{"paths":{"content":"require","user":"require"},"states":{"default":{},"modify":{},"require":{"content":true,"user":true}}},"backup":{"activePaths":{"default":{"_id":true,"createdAt":true},"modify":{"content":true,"mediaIds":true,"updatedAt":true,"user":true}},"validationError":null},"cachedRequired":{},"inserting":true,"op":null,"pathsToScopes":{"mediaIds":{"__v":0,"_id":"67c5e5074911b8f8b25cdad8","content":"hello node js series..","createdAt":"2025-03-03T17:21:11.555Z","mediaIds":[],"updatedAt":"2025-03-03T17:21:11.555Z","user":"67c2b7a59875917e476f4952"}},"saveOptions":null,"savedState":{},"saving":null,"validating":null},"$isNew":false,"_doc":{"__v":0,"_id":"67c5e5074911b8f8b25cdad8","content":"hello node js series..","createdAt":"2025-03-03T17:21:11.555Z","mediaIds":[],"updatedAt":"2025-03-03T17:21:11.555Z","user":"67c2b7a59875917e476f4952"},"level":"info","message":"Post created successfully","service":"post-service","timestamp":"2025-03-03T17:21:11.609Z"}
{"level":"error","message":"Error creating post Cannot read properties of undefined (reading 'redisClient')","service":"post-service","stack":"TypeError: Cannot read properties of undefined (reading 'redisClient')\n    at inValidatePostCache (D:\\SOCIAL_MEDIA_MICROSERVICES\\post-service\\src\\controllers\\post-controller.js:8:15)\n    at createPost (D:\\SOCIAL_MEDIA_MICROSERVICES\\post-service\\src\\controllers\\post-controller.js:38:15)\n    at process.processTicksAndRejections (node:internal/process/task_queues:105:5)","timestamp":"2025-03-03T17:21:11.615Z"}
{"level":"info","message":"Post Service running on port 3002","service":"post-service","timestamp":"2025-03-03T17:25:12.939Z"}
{"level":"info","message":"Connected to mongodb","service":"post-service","timestamp":"2025-03-03T17:25:13.430Z"}
{"level":"info","message":"Recieved POST request to /api/posts/create-post","service":"post-service","timestamp":"2025-03-03T17:25:42.599Z"}
{"level":"info","message":"Request body, [object Object]","service":"post-service","timestamp":"2025-03-03T17:25:42.600Z"}
{"level":"info","message":"create post end points hit...","service":"post-service","timestamp":"2025-03-03T17:25:42.605Z"}
{"0":"\"","1":"m","10":"i","11":"s","12":" ","13":"n","14":"o","15":"t","16":" ","17":"a","18":"l","19":"l","2":"e","20":"o","21":"w","22":"e","23":"d","3":"d","4":"i","5":"a","6":"I","7":"d","8":"\"","9":" ","level":"warn","message":"Validation post error","service":"post-service","timestamp":"2025-03-03T17:25:42.611Z"}
{"level":"info","message":"Recieved POST request to /api/posts/create-post","service":"post-service","timestamp":"2025-03-03T17:25:58.249Z"}
{"level":"info","message":"Request body, [object Object]","service":"post-service","timestamp":"2025-03-03T17:25:58.250Z"}
{"level":"info","message":"create post end points hit...","service":"post-service","timestamp":"2025-03-03T17:25:58.251Z"}
{"0":"\"","1":"m","10":"i","11":"s","12":" ","13":"n","14":"o","15":"t","16":" ","17":"a","18":"l","19":"l","2":"e","20":"o","21":"w","22":"e","23":"d","3":"d","4":"i","5":"a","6":"I","7":"d","8":"\"","9":" ","level":"warn","message":"Validation post error","service":"post-service","timestamp":"2025-03-03T17:25:58.253Z"}
{"level":"info","message":"Post Service running on port 3002","service":"post-service","timestamp":"2025-03-03T17:26:20.310Z"}
{"level":"info","message":"Connected to mongodb","service":"post-service","timestamp":"2025-03-03T17:26:20.804Z"}
{"level":"info","message":"Recieved POST request to /api/posts/create-post","service":"post-service","timestamp":"2025-03-03T17:26:22.292Z"}
{"level":"info","message":"Request body, [object Object]","service":"post-service","timestamp":"2025-03-03T17:26:22.293Z"}
{"level":"info","message":"create post end points hit...","service":"post-service","timestamp":"2025-03-03T17:26:22.298Z"}
{"0":"\"","1":"m","10":"i","11":"s","12":" ","13":"n","14":"o","15":"t","16":" ","17":"a","18":"l","19":"l","2":"e","20":"o","21":"w","22":"e","23":"d","3":"d","4":"i","5":"a","6":"I","7":"d","8":"\"","9":" ","level":"warn","message":"Validation post error","service":"post-service","timestamp":"2025-03-03T17:26:22.303Z"}
{"level":"info","message":"Post Service running on port 3002","service":"post-service","timestamp":"2025-03-03T17:27:09.496Z"}
{"level":"info","message":"Connected to mongodb","service":"post-service","timestamp":"2025-03-03T17:27:09.962Z"}
{"level":"info","message":"Recieved POST request to /api/posts/create-post","service":"post-service","timestamp":"2025-03-03T17:27:22.089Z"}
{"level":"info","message":"Request body, [object Object]","service":"post-service","timestamp":"2025-03-03T17:27:22.090Z"}
{"level":"info","message":"create post end points hit...","service":"post-service","timestamp":"2025-03-03T17:27:22.098Z"}
{"0":"\"","1":"m","10":" ","11":"m","12":"u","13":"s","14":"t","15":" ","16":"b","17":"e","18":" ","19":"a","2":"e","20":"n","21":" ","22":"a","23":"r","24":"r","25":"a","26":"y","3":"d","4":"i","5":"a","6":"I","7":"d","8":"s","9":"\"","level":"warn","message":"Validation post error","service":"post-service","timestamp":"2025-03-03T17:27:22.106Z"}
{"level":"info","message":"Recieved POST request to /api/posts/create-post","service":"post-service","timestamp":"2025-03-03T17:27:36.104Z"}
{"level":"info","message":"Request body, [object Object]","service":"post-service","timestamp":"2025-03-03T17:27:36.105Z"}
{"level":"info","message":"create post end points hit...","service":"post-service","timestamp":"2025-03-03T17:27:36.106Z"}
{"$__":{"$versionError":null,"activePaths":{"paths":{"content":"require","user":"require"},"states":{"default":{},"modify":{},"require":{"content":true,"user":true}}},"backup":{"activePaths":{"default":{"_id":true,"createdAt":true},"modify":{"content":true,"mediaIds":true,"updatedAt":true,"user":true}},"validationError":null},"cachedRequired":{},"inserting":true,"op":null,"pathsToScopes":{"mediaIds":{"__v":0,"_id":"67c5e6886436548afa240193","content":"hello node js series..","createdAt":"2025-03-03T17:27:36.119Z","mediaIds":["67c5e3b3be267948e68838d4"],"updatedAt":"2025-03-03T17:27:36.119Z","user":"67c2b7a59875917e476f4952"}},"saveOptions":null,"savedState":{},"saving":null,"validating":null},"$isNew":false,"_doc":{"__v":0,"_id":"67c5e6886436548afa240193","content":"hello node js series..","createdAt":"2025-03-03T17:27:36.119Z","mediaIds":["67c5e3b3be267948e68838d4"],"updatedAt":"2025-03-03T17:27:36.119Z","user":"67c2b7a59875917e476f4952"},"level":"info","message":"Post created successfully","service":"post-service","timestamp":"2025-03-03T17:27:36.164Z"}
{"level":"error","message":"Error creating post Cannot read properties of undefined (reading 'redisClient')","service":"post-service","stack":"TypeError: Cannot read properties of undefined (reading 'redisClient')\n    at inValidatePostCache (D:\\SOCIAL_MEDIA_MICROSERVICES\\post-service\\src\\controllers\\post-controller.js:8:15)\n    at createPost (D:\\SOCIAL_MEDIA_MICROSERVICES\\post-service\\src\\controllers\\post-controller.js:38:15)\n    at process.processTicksAndRejections (node:internal/process/task_queues:105:5)","timestamp":"2025-03-03T17:27:36.167Z"}
{"level":"info","message":"Post Service running on port 3002","service":"post-service","timestamp":"2025-03-03T17:29:14.393Z"}
{"level":"info","message":"Connected to mongodb","service":"post-service","timestamp":"2025-03-03T17:29:14.876Z"}
{"level":"info","message":"Recieved POST request to /api/posts/create-post","service":"post-service","timestamp":"2025-03-03T17:29:18.304Z"}
{"level":"info","message":"Request body, [object Object]","service":"post-service","timestamp":"2025-03-03T17:29:18.305Z"}
{"level":"info","message":"create post end points hit...","service":"post-service","timestamp":"2025-03-03T17:29:18.309Z"}
{"$__":{"$versionError":null,"activePaths":{"paths":{"content":"require","user":"require"},"states":{"default":{},"modify":{},"require":{"content":true,"user":true}}},"backup":{"activePaths":{"default":{"_id":true,"createdAt":true},"modify":{"content":true,"mediaIds":true,"updatedAt":true,"user":true}},"validationError":null},"cachedRequired":{},"inserting":true,"op":null,"pathsToScopes":{"mediaIds":{"__v":0,"_id":"67c5e6ee9e956a1728caf004","content":"hello node js series..","createdAt":"2025-03-03T17:29:18.322Z","mediaIds":["67c5e3b3be267948e68838d4"],"updatedAt":"2025-03-03T17:29:18.322Z","user":"67c2b7a59875917e476f4952"}},"saveOptions":null,"savedState":{},"saving":null,"validating":null},"$isNew":false,"_doc":{"__v":0,"_id":"67c5e6ee9e956a1728caf004","content":"hello node js series..","createdAt":"2025-03-03T17:29:18.322Z","mediaIds":["67c5e3b3be267948e68838d4"],"updatedAt":"2025-03-03T17:29:18.322Z","user":"67c2b7a59875917e476f4952"},"level":"info","message":"Post created successfully","service":"post-service","timestamp":"2025-03-03T17:29:18.364Z"}
{"level":"info","message":"Post Service running on port 3002","service":"post-service","timestamp":"2025-03-03T17:29:36.452Z"}
{"level":"info","message":"Connected to mongodb","service":"post-service","timestamp":"2025-03-03T17:29:37.014Z"}
{"level":"info","message":"Recieved POST request to /api/posts/create-post","service":"post-service","timestamp":"2025-03-03T17:29:38.339Z"}
{"level":"info","message":"Request body, [object Object]","service":"post-service","timestamp":"2025-03-03T17:29:38.340Z"}
{"level":"info","message":"create post end points hit...","service":"post-service","timestamp":"2025-03-03T17:29:38.345Z"}
{"$__":{"$versionError":null,"activePaths":{"paths":{"content":"require","user":"require"},"states":{"default":{},"modify":{},"require":{"content":true,"user":true}}},"backup":{"activePaths":{"default":{"_id":true,"createdAt":true},"modify":{"content":true,"mediaIds":true,"updatedAt":true,"user":true}},"validationError":null},"cachedRequired":{},"inserting":true,"op":null,"pathsToScopes":{"mediaIds":{"__v":0,"_id":"67c5e702f2b6e9f68bbeddef","content":"hello node js series..","createdAt":"2025-03-03T17:29:38.357Z","mediaIds":["67c5e3b3be267948e68838d4"],"updatedAt":"2025-03-03T17:29:38.357Z","user":"67c2b7a59875917e476f4952"}},"saveOptions":null,"savedState":{},"saving":null,"validating":null},"$isNew":false,"_doc":{"__v":0,"_id":"67c5e702f2b6e9f68bbeddef","content":"hello node js series..","createdAt":"2025-03-03T17:29:38.357Z","mediaIds":["67c5e3b3be267948e68838d4"],"updatedAt":"2025-03-03T17:29:38.357Z","user":"67c2b7a59875917e476f4952"},"level":"info","message":"Post created successfully","service":"post-service","timestamp":"2025-03-03T17:29:38.405Z"}
{"level":"info","message":"Recieved GET request to /api/posts/getAllPost","service":"post-service","timestamp":"2025-03-03T17:30:34.479Z"}
{"level":"info","message":"Request body, [object Object]","service":"post-service","timestamp":"2025-03-03T17:30:34.480Z"}
{"level":"info","message":"Post Service running on port 3002","service":"post-service","timestamp":"2025-03-03T18:20:44.953Z"}
{"level":"info","message":"Post Service running on port 3002","service":"post-service","timestamp":"2025-03-03T18:20:46.870Z"}
{"level":"info","message":"Connected to mongodb","service":"post-service","timestamp":"2025-03-03T18:20:48.509Z"}
{"level":"info","message":"Post Service running on port 3002","service":"post-service","timestamp":"2025-03-03T18:44:29.641Z"}
{"level":"info","message":"Connected to mongodb","service":"post-service","timestamp":"2025-03-03T18:44:30.180Z"}
{"level":"info","message":"Connected to mongodb","service":"post-service","timestamp":"2025-03-03T18:46:27.586Z"}
{"level":"info","message":"connected to rabbit Mq","service":"post-service","timestamp":"2025-03-03T18:46:40.938Z"}
{"level":"info","message":"Post Service running on port 3002","service":"post-service","timestamp":"2025-03-03T18:46:40.945Z"}
{"level":"info","message":"Connected to mongodb","service":"post-service","timestamp":"2025-03-03T18:46:41.294Z"}
{"level":"info","message":"connected to rabbit Mq","service":"post-service","timestamp":"2025-03-05T23:18:21.830Z"}
{"level":"info","message":"Post Service running on port 3002","service":"post-service","timestamp":"2025-03-05T23:18:21.839Z"}
{"level":"info","message":"connected to rabbit Mq","service":"post-service","timestamp":"2025-03-05T23:18:23.781Z"}
{"level":"info","message":"Post Service running on port 3002","service":"post-service","timestamp":"2025-03-05T23:18:23.788Z"}
{"level":"info","message":"Connected to mongodb","service":"post-service","timestamp":"2025-03-05T23:18:24.166Z"}
{"level":"info","message":"Recieved GET request to /api/posts/getAllPost","service":"post-service","timestamp":"2025-03-05T23:20:28.919Z"}
{"level":"info","message":"Request body, [object Object]","service":"post-service","timestamp":"2025-03-05T23:20:28.920Z"}
{"level":"info","message":"connected to rabbit Mq","service":"post-service","timestamp":"2025-03-05T23:20:31.068Z"}
{"level":"info","message":"Post Service running on port 3002","service":"post-service","timestamp":"2025-03-05T23:20:31.077Z"}
{"level":"info","message":"Connected to mongodb","service":"post-service","timestamp":"2025-03-05T23:20:31.468Z"}
{"level":"info","message":"Recieved DELETE request to /api/posts/67c5e702f2b6e9f68bbeddef","service":"post-service","timestamp":"2025-03-05T23:22:36.991Z"}
{"level":"info","message":"Request body, [object Object]","service":"post-service","timestamp":"2025-03-05T23:22:36.992Z"}
{"level":"info","message":"Recieved DELETE request to /api/posts/67c5e702f2b6e9f68bbeddef","service":"post-service","timestamp":"2025-03-05T23:22:49.276Z"}
{"level":"info","message":"Request body, [object Object]","service":"post-service","timestamp":"2025-03-05T23:22:49.278Z"}
{"level":"info","message":"Recieved DELETE request to /api/posts/67c5e702f2b6e9f68bbeddef","service":"post-service","timestamp":"2025-03-05T23:22:51.062Z"}
{"level":"info","message":"Request body, [object Object]","service":"post-service","timestamp":"2025-03-05T23:22:51.063Z"}
{"level":"info","message":"Recieved DELETE request to /api/posts/post/67c5e702f2b6e9f68bbeddef","service":"post-service","timestamp":"2025-03-05T23:24:42.939Z"}
{"level":"info","message":"Request body, [object Object]","service":"post-service","timestamp":"2025-03-05T23:24:42.941Z"}
{"level":"error","message":"Error deleting post Cannot read properties of undefined (reading '_id')","service":"post-service","stack":"TypeError: Cannot read properties of undefined (reading '_id')\n    at deletePost (D:\\SOCIAL_MEDIA_MICROSERVICES\\post-service\\src\\controllers\\post-controller.js:140:25)\n    at process.processTicksAndRejections (node:internal/process/task_queues:105:5)","timestamp":"2025-03-05T23:24:43.019Z"}
{"level":"info","message":"Recieved DELETE request to /api/posts/post/67c5e702f2b6e9f68bbeddef","service":"post-service","timestamp":"2025-03-05T23:26:26.015Z"}
{"level":"info","message":"Request body, [object Object]","service":"post-service","timestamp":"2025-03-05T23:26:26.016Z"}
{"level":"info","message":"Recieved GET request to /api/posts/getAllPost","service":"post-service","timestamp":"2025-03-05T23:26:39.002Z"}
{"level":"info","message":"Request body, [object Object]","service":"post-service","timestamp":"2025-03-05T23:26:39.003Z"}
{"level":"info","message":"Recieved DELETE request to /api/posts/post/67c5e6ee9e956a1728caf004","service":"post-service","timestamp":"2025-03-05T23:26:51.300Z"}
{"level":"info","message":"Request body, [object Object]","service":"post-service","timestamp":"2025-03-05T23:26:51.301Z"}
{"level":"error","message":"Error deleting post Cannot read properties of undefined (reading '_id')","service":"post-service","stack":"TypeError: Cannot read properties of undefined (reading '_id')\n    at deletePost (D:\\SOCIAL_MEDIA_MICROSERVICES\\post-service\\src\\controllers\\post-controller.js:140:25)\n    at process.processTicksAndRejections (node:internal/process/task_queues:105:5)","timestamp":"2025-03-05T23:26:51.358Z"}
{"level":"info","message":"Recieved DELETE request to /api/posts/post/67c5e6ee9e956a1728caf004","service":"post-service","timestamp":"2025-03-05T23:26:54.269Z"}
{"level":"info","message":"Request body, [object Object]","service":"post-service","timestamp":"2025-03-05T23:26:54.270Z"}
{"level":"info","message":"Recieved DELETE request to /api/posts/post/67c5e6ee9e956a1728caf004","service":"post-service","timestamp":"2025-03-05T23:26:56.725Z"}
{"level":"info","message":"Request body, [object Object]","service":"post-service","timestamp":"2025-03-05T23:26:56.727Z"}
{"level":"info","message":"Recieved DELETE request to /api/posts/post/67c5e6ee9e956a1728caf004","service":"post-service","timestamp":"2025-03-05T23:26:57.637Z"}
{"level":"info","message":"Request body, [object Object]","service":"post-service","timestamp":"2025-03-05T23:26:57.639Z"}
{"level":"info","message":"Recieved DELETE request to /api/posts/post/67c5e6ee9e956a1728caf004","service":"post-service","timestamp":"2025-03-05T23:26:58.391Z"}
{"level":"info","message":"Request body, [object Object]","service":"post-service","timestamp":"2025-03-05T23:26:58.397Z"}
{"level":"info","message":"Recieved DELETE request to /api/posts/post/67c5e6ee9e956a1728caf004","service":"post-service","timestamp":"2025-03-05T23:26:59.035Z"}
{"level":"info","message":"Request body, [object Object]","service":"post-service","timestamp":"2025-03-05T23:26:59.036Z"}
{"level":"info","message":"Recieved DELETE request to /api/posts/post/67c5e5074911b8f8b25cdad8","service":"post-service","timestamp":"2025-03-05T23:28:06.664Z"}
{"level":"info","message":"Request body, [object Object]","service":"post-service","timestamp":"2025-03-05T23:28:06.665Z"}
{"level":"error","message":"Error deleting post Cannot read properties of undefined (reading '_id')","service":"post-service","stack":"TypeError: Cannot read properties of undefined (reading '_id')\n    at deletePost (D:\\SOCIAL_MEDIA_MICROSERVICES\\post-service\\src\\controllers\\post-controller.js:140:25)\n    at process.processTicksAndRejections (node:internal/process/task_queues:105:5)","timestamp":"2025-03-05T23:28:06.706Z"}
{"level":"info","message":"Recieved DELETE request to /api/posts/post/67c5e5074911b8f8b25cdad8","service":"post-service","timestamp":"2025-03-05T23:28:53.087Z"}
{"level":"info","message":"Request body, [object Object]","service":"post-service","timestamp":"2025-03-05T23:28:53.089Z"}
{"level":"info","message":"connected to rabbit Mq","service":"post-service","timestamp":"2025-03-05T23:29:51.562Z"}
{"level":"info","message":"Post Service running on port 3002","service":"post-service","timestamp":"2025-03-05T23:29:51.570Z"}
{"level":"info","message":"Connected to mongodb","service":"post-service","timestamp":"2025-03-05T23:29:51.944Z"}
{"level":"info","message":"Recieved DELETE request to /api/posts/post/67c5e5074911b8f8b25cdad8","service":"post-service","timestamp":"2025-03-05T23:29:57.604Z"}
{"level":"info","message":"Request body, [object Object]","service":"post-service","timestamp":"2025-03-05T23:29:57.605Z"}
{"level":"info","message":"connected to rabbit Mq","service":"post-service","timestamp":"2025-03-05T23:30:29.308Z"}
{"level":"info","message":"Post Service running on port 3002","service":"post-service","timestamp":"2025-03-05T23:30:29.318Z"}
{"level":"info","message":"Connected to mongodb","service":"post-service","timestamp":"2025-03-05T23:30:29.726Z"}
{"level":"info","message":"Recieved DELETE request to /api/posts/post/67c5e5074911b8f8b25cdad8","service":"post-service","timestamp":"2025-03-05T23:30:31.229Z"}
{"level":"info","message":"Request body, [object Object]","service":"post-service","timestamp":"2025-03-05T23:30:31.230Z"}
{"level":"info","message":"connected to rabbit Mq","service":"post-service","timestamp":"2025-03-05T23:32:35.147Z"}
{"level":"info","message":"Post Service running on port 3002","service":"post-service","timestamp":"2025-03-05T23:32:35.154Z"}
{"level":"info","message":"Connected to mongodb","service":"post-service","timestamp":"2025-03-05T23:32:35.608Z"}
{"level":"info","message":"Recieved DELETE request to /api/posts/post/67c5e5074911b8f8b25cdad8","service":"post-service","timestamp":"2025-03-05T23:32:40.916Z"}
{"level":"info","message":"Request body, [object Object]","service":"post-service","timestamp":"2025-03-05T23:32:40.918Z"}
{"level":"info","message":"connected to rabbit Mq","service":"post-service","timestamp":"2025-03-05T23:32:59.037Z"}
{"level":"info","message":"Post Service running on port 3002","service":"post-service","timestamp":"2025-03-05T23:32:59.044Z"}
{"level":"info","message":"Connected to mongodb","service":"post-service","timestamp":"2025-03-05T23:32:59.475Z"}
{"level":"info","message":"Recieved DELETE request to /api/posts/post/67c5e5074911b8f8b25cdad8","service":"post-service","timestamp":"2025-03-05T23:33:02.686Z"}
{"level":"info","message":"Request body, [object Object]","service":"post-service","timestamp":"2025-03-05T23:33:02.687Z"}
{"level":"info","message":"connected to rabbit Mq","service":"post-service","timestamp":"2025-03-05T23:34:09.957Z"}
{"level":"info","message":"Post Service running on port 3002","service":"post-service","timestamp":"2025-03-05T23:34:09.965Z"}
{"level":"info","message":"Connected to mongodb","service":"post-service","timestamp":"2025-03-05T23:34:10.395Z"}
{"level":"info","message":"Recieved DELETE request to /api/posts/post/67c5e5074911b8f8b25cdad8","service":"post-service","timestamp":"2025-03-05T23:34:13.553Z"}
{"level":"info","message":"Request body, [object Object]","service":"post-service","timestamp":"2025-03-05T23:34:13.554Z"}
{"level":"error","message":"Error deleting post Cannot read properties of undefined (reading 'findByIdAndDelete')","service":"post-service","stack":"TypeError: Cannot read properties of undefined (reading 'findByIdAndDelete')\n    at deletePost (D:\\SOCIAL_MEDIA_MICROSERVICES\\post-service\\src\\controllers\\post-controller.js:128:39)\n    at Layer.handle [as handle_request] (D:\\SOCIAL_MEDIA_MICROSERVICES\\post-service\\node_modules\\express\\lib\\router\\layer.js:95:5)\n    at next (D:\\SOCIAL_MEDIA_MICROSERVICES\\post-service\\node_modules\\express\\lib\\router\\route.js:149:13)\n    at Route.dispatch (D:\\SOCIAL_MEDIA_MICROSERVICES\\post-service\\node_modules\\express\\lib\\router\\route.js:119:3)\n    at Layer.handle [as handle_request] (D:\\SOCIAL_MEDIA_MICROSERVICES\\post-service\\node_modules\\express\\lib\\router\\layer.js:95:5)\n    at D:\\SOCIAL_MEDIA_MICROSERVICES\\post-service\\node_modules\\express\\lib\\router\\index.js:284:15\n    at param (D:\\SOCIAL_MEDIA_MICROSERVICES\\post-service\\node_modules\\express\\lib\\router\\index.js:365:14)\n    at param (D:\\SOCIAL_MEDIA_MICROSERVICES\\post-service\\node_modules\\express\\lib\\router\\index.js:376:14)\n    at Function.process_params (D:\\SOCIAL_MEDIA_MICROSERVICES\\post-service\\node_modules\\express\\lib\\router\\index.js:421:3)\n    at next (D:\\SOCIAL_MEDIA_MICROSERVICES\\post-service\\node_modules\\express\\lib\\router\\index.js:280:10)","timestamp":"2025-03-05T23:34:13.564Z"}
{"level":"info","message":"connected to rabbit Mq","service":"post-service","timestamp":"2025-03-05T23:34:29.520Z"}
{"level":"info","message":"Post Service running on port 3002","service":"post-service","timestamp":"2025-03-05T23:34:29.528Z"}
{"level":"info","message":"Connected to mongodb","service":"post-service","timestamp":"2025-03-05T23:34:29.933Z"}
{"level":"info","message":"Recieved DELETE request to /api/posts/post/67c5e5074911b8f8b25cdad8","service":"post-service","timestamp":"2025-03-05T23:34:33.554Z"}
{"level":"info","message":"Request body, [object Object]","service":"post-service","timestamp":"2025-03-05T23:34:33.555Z"}
{"level":"info","message":"Recieved DELETE request to /api/posts/post/67c5e5074911b8f8b25cdad8","service":"post-service","timestamp":"2025-03-05T23:36:06.952Z"}
{"level":"info","message":"Request body, [object Object]","service":"post-service","timestamp":"2025-03-05T23:36:06.953Z"}
{"level":"info","message":"Recieved POST request to /api/posts/create-post","service":"post-service","timestamp":"2025-03-05T23:38:43.481Z"}
{"level":"info","message":"Request body, [object Object]","service":"post-service","timestamp":"2025-03-05T23:38:43.482Z"}
{"level":"info","message":"create post end points hit...","service":"post-service","timestamp":"2025-03-05T23:38:43.484Z"}
{"$__":{"$versionError":null,"activePaths":{"paths":{"content":"require","user":"require"},"states":{"default":{},"modify":{},"require":{"content":true,"user":true}}},"backup":{"activePaths":{"default":{"_id":true,"createdAt":true},"modify":{"content":true,"mediaIds":true,"updatedAt":true,"user":true}},"validationError":null},"cachedRequired":{},"inserting":true,"op":null,"pathsToScopes":{"mediaIds":{"__v":0,"_id":"67c8e083253217869d1ae2c9","content":"King kong","createdAt":"2025-03-05T23:38:43.499Z","mediaIds":["67c5e3b3be267948e68838d4"],"updatedAt":"2025-03-05T23:38:43.499Z","user":"67c2b7a59875917e476f4952"}},"saveOptions":null,"savedState":{},"saving":null,"validating":null},"$isNew":false,"_doc":{"__v":0,"_id":"67c8e083253217869d1ae2c9","content":"King kong","createdAt":"2025-03-05T23:38:43.499Z","mediaIds":["67c5e3b3be267948e68838d4"],"updatedAt":"2025-03-05T23:38:43.499Z","user":"67c2b7a59875917e476f4952"},"level":"info","message":"Post created successfully","service":"post-service","timestamp":"2025-03-05T23:38:43.568Z"}
{"level":"info","message":"Recieved GET request to /api/posts/getAllPost","service":"post-service","timestamp":"2025-03-05T23:38:51.575Z"}
{"level":"info","message":"Request body, [object Object]","service":"post-service","timestamp":"2025-03-05T23:38:51.576Z"}
{"level":"info","message":"Recieved DELETE request to /api/posts/post/67c8e083253217869d1ae2c9","service":"post-service","timestamp":"2025-03-05T23:39:06.781Z"}
{"level":"info","message":"Request body, [object Object]","service":"post-service","timestamp":"2025-03-05T23:39:06.782Z"}
{"level":"error","message":"Error deleting post post is not defined","service":"post-service","stack":"ReferenceError: post is not defined\n    at deletePost (D:\\SOCIAL_MEDIA_MICROSERVICES\\post-service\\src\\controllers\\post-controller.js:141:20)\n    at process.processTicksAndRejections (node:internal/process/task_queues:105:5)","timestamp":"2025-03-05T23:39:06.826Z"}
{"level":"info","message":"connected to rabbit Mq","service":"post-service","timestamp":"2025-03-05T23:42:10.825Z"}
{"level":"info","message":"Post Service running on port 3002","service":"post-service","timestamp":"2025-03-05T23:42:10.833Z"}
{"level":"info","message":"Connected to mongodb","service":"post-service","timestamp":"2025-03-05T23:42:11.286Z"}
{"level":"info","message":"Recieved DELETE request to /api/posts/post/67c8e083253217869d1ae2c9","service":"post-service","timestamp":"2025-03-05T23:42:20.056Z"}
{"level":"info","message":"Request body, [object Object]","service":"post-service","timestamp":"2025-03-05T23:42:20.057Z"}
{"level":"info","message":"Recieved POST request to /api/posts/create-post","service":"post-service","timestamp":"2025-03-05T23:42:49.863Z"}
{"level":"info","message":"Request body, [object Object]","service":"post-service","timestamp":"2025-03-05T23:42:49.864Z"}
{"level":"info","message":"create post end points hit...","service":"post-service","timestamp":"2025-03-05T23:42:49.867Z"}
{"$__":{"$versionError":null,"activePaths":{"paths":{"content":"require","user":"require"},"states":{"default":{},"modify":{},"require":{"content":true,"user":true}}},"backup":{"activePaths":{"default":{"_id":true,"createdAt":true},"modify":{"content":true,"mediaIds":true,"updatedAt":true,"user":true}},"validationError":null},"cachedRequired":{},"inserting":true,"op":null,"pathsToScopes":{"mediaIds":{"__v":0,"_id":"67c8e179b5d56b6b0e1152e9","content":"King kong","createdAt":"2025-03-05T23:42:49.885Z","mediaIds":["67c5e3b3be267948e68838d4"],"updatedAt":"2025-03-05T23:42:49.885Z","user":"67c2b7a59875917e476f4952"}},"saveOptions":null,"savedState":{},"saving":null,"validating":null},"$isNew":false,"_doc":{"__v":0,"_id":"67c8e179b5d56b6b0e1152e9","content":"King kong","createdAt":"2025-03-05T23:42:49.885Z","mediaIds":["67c5e3b3be267948e68838d4"],"updatedAt":"2025-03-05T23:42:49.885Z","user":"67c2b7a59875917e476f4952"},"level":"info","message":"Post created successfully","service":"post-service","timestamp":"2025-03-05T23:42:49.941Z"}
{"level":"info","message":"Recieved GET request to /api/posts/getAllPost","service":"post-service","timestamp":"2025-03-05T23:42:55.911Z"}
{"level":"info","message":"Request body, [object Object]","service":"post-service","timestamp":"2025-03-05T23:42:55.913Z"}
{"level":"info","message":"Recieved GET request to /api/posts/getAllPost","service":"post-service","timestamp":"2025-03-05T23:43:06.801Z"}
{"level":"info","message":"Request body, [object Object]","service":"post-service","timestamp":"2025-03-05T23:43:06.802Z"}
{"level":"info","message":"Recieved GET request to /api/posts/getAllPost","service":"post-service","timestamp":"2025-03-05T23:43:55.845Z"}
{"level":"info","message":"Request body, [object Object]","service":"post-service","timestamp":"2025-03-05T23:43:55.846Z"}
{"level":"info","message":"Recieved DELETE request to /api/posts/post/67c8e179b5d56b6b0e1152e9","service":"post-service","timestamp":"2025-03-05T23:44:21.269Z"}
{"level":"info","message":"Request body, [object Object]","service":"post-service","timestamp":"2025-03-05T23:44:21.271Z"}
{"level":"info","message":"Event Published: post.deleted","service":"post-service","timestamp":"2025-03-05T23:44:21.342Z"}
{"level":"info","message":"Recieved DELETE request to /api/posts/post/67c8e179b5d56b6b0e1152e9","service":"post-service","timestamp":"2025-03-05T23:56:24.268Z"}
{"level":"info","message":"Request body, [object Object]","service":"post-service","timestamp":"2025-03-05T23:56:24.270Z"}
{"level":"info","message":"Recieved DELETE request to /api/posts/post/67c5e6886436548afa240193","service":"post-service","timestamp":"2025-03-05T23:57:06.970Z"}
{"level":"info","message":"Request body, [object Object]","service":"post-service","timestamp":"2025-03-05T23:57:06.971Z"}
{"level":"info","message":"Event Published: post.deleted","service":"post-service","timestamp":"2025-03-05T23:57:07.023Z"}
{"level":"info","message":"connected to rabbit Mq","service":"post-service","timestamp":"2025-03-06T00:08:47.452Z"}
{"level":"info","message":"Post Service running on port 3002","service":"post-service","timestamp":"2025-03-06T00:08:47.460Z"}
{"level":"info","message":"Connected to mongodb","service":"post-service","timestamp":"2025-03-06T00:08:47.908Z"}
{"level":"info","message":"connected to rabbit Mq","service":"post-service","timestamp":"2025-03-06T00:20:10.964Z"}
{"level":"info","message":"Post Service running on port 3002","service":"post-service","timestamp":"2025-03-06T00:20:10.975Z"}
{"level":"info","message":"Connected to mongodb","service":"post-service","timestamp":"2025-03-06T00:20:11.367Z"}
{"level":"info","message":"connected to rabbit Mq","service":"post-service","timestamp":"2025-03-06T00:50:03.106Z"}
{"level":"info","message":"Post Service running on port 3002","service":"post-service","timestamp":"2025-03-06T00:50:03.111Z"}
{"level":"info","message":"Connected to mongodb","service":"post-service","timestamp":"2025-03-06T00:50:03.527Z"}
{"level":"info","message":"connected to rabbit Mq","service":"post-service","timestamp":"2025-03-06T00:57:42.678Z"}
{"level":"info","message":"Post Service running on port 3002","service":"post-service","timestamp":"2025-03-06T00:57:42.683Z"}
{"level":"info","message":"Connected to mongodb","service":"post-service","timestamp":"2025-03-06T00:57:43.131Z"}
{"level":"info","message":"connected to rabbit Mq","service":"post-service","timestamp":"2025-03-06T01:12:44.864Z"}
{"level":"info","message":"Post Service running on port 3002","service":"post-service","timestamp":"2025-03-06T01:12:44.871Z"}
{"level":"info","message":"Connected to mongodb","service":"post-service","timestamp":"2025-03-06T01:12:45.240Z"}
{"level":"info","message":"Recieved POST request to /api/posts/create-post","service":"post-service","timestamp":"2025-03-06T01:13:53.043Z"}
{"level":"info","message":"Request body, [object Object]","service":"post-service","timestamp":"2025-03-06T01:13:53.044Z"}
{"level":"info","message":"create post end points hit...","service":"post-service","timestamp":"2025-03-06T01:13:53.063Z"}
{"level":"info","message":"Event Published: post.created","service":"post-service","timestamp":"2025-03-06T01:13:53.127Z"}
{"$__":{"$versionError":null,"activePaths":{"paths":{"content":"require","user":"require"},"states":{"default":{},"modify":{},"require":{"content":true,"user":true}}},"backup":{"activePaths":{"default":{"_id":true,"createdAt":true},"modify":{"content":true,"mediaIds":true,"updatedAt":true,"user":true}},"validationError":null},"cachedRequired":{},"inserting":true,"op":null,"pathsToScopes":{"mediaIds":{"__v":0,"_id":"67c8f6d1aa01808cdf9df695","content":"King kong","createdAt":"2025-03-06T01:13:53.080Z","mediaIds":[],"updatedAt":"2025-03-06T01:13:53.080Z","user":"67c2b7a59875917e476f4952"}},"saveOptions":null,"savedState":{},"saving":null,"validating":null},"$isNew":false,"_doc":{"__v":0,"_id":"67c8f6d1aa01808cdf9df695","content":"King kong","createdAt":"2025-03-06T01:13:53.080Z","mediaIds":[],"updatedAt":"2025-03-06T01:13:53.080Z","user":"67c2b7a59875917e476f4952"},"level":"info","message":"Post created successfully","service":"post-service","timestamp":"2025-03-06T01:13:53.127Z"}
{"level":"info","message":"connected to rabbit Mq","service":"post-service","timestamp":"2025-03-06T01:13:54.443Z"}
{"level":"info","message":"Post Service running on port 3002","service":"post-service","timestamp":"2025-03-06T01:13:54.450Z"}
{"level":"info","message":"Connected to mongodb","service":"post-service","timestamp":"2025-03-06T01:13:54.867Z"}
{"level":"info","message":"Recieved POST request to /api/posts/create-post","service":"post-service","timestamp":"2025-03-06T01:19:17.331Z"}
{"level":"info","message":"Request body, [object Object]","service":"post-service","timestamp":"2025-03-06T01:19:17.332Z"}
{"level":"info","message":"create post end points hit...","service":"post-service","timestamp":"2025-03-06T01:19:17.337Z"}
{"level":"info","message":"Event Published: post.created","service":"post-service","timestamp":"2025-03-06T01:19:17.404Z"}
{"$__":{"$versionError":null,"activePaths":{"paths":{"content":"require","user":"require"},"states":{"default":{},"modify":{},"require":{"content":true,"user":true}}},"backup":{"activePaths":{"default":{"_id":true,"createdAt":true},"modify":{"content":true,"mediaIds":true,"updatedAt":true,"user":true}},"validationError":null},"cachedRequired":{},"inserting":true,"op":null,"pathsToScopes":{"mediaIds":{"__v":0,"_id":"67c8f81588aebe297a751f10","content":"King kong 2","createdAt":"2025-03-06T01:19:17.353Z","mediaIds":[],"updatedAt":"2025-03-06T01:19:17.353Z","user":"67c2b7a59875917e476f4952"}},"saveOptions":null,"savedState":{},"saving":null,"validating":null},"$isNew":false,"_doc":{"__v":0,"_id":"67c8f81588aebe297a751f10","content":"King kong 2","createdAt":"2025-03-06T01:19:17.353Z","mediaIds":[],"updatedAt":"2025-03-06T01:19:17.353Z","user":"67c2b7a59875917e476f4952"},"level":"info","message":"Post created successfully","service":"post-service","timestamp":"2025-03-06T01:19:17.405Z"}
{"level":"info","message":"Recieved POST request to /api/posts/create-post","service":"post-service","timestamp":"2025-03-06T01:21:24.073Z"}
{"level":"info","message":"Request body, [object Object]","service":"post-service","timestamp":"2025-03-06T01:21:24.074Z"}
{"level":"info","message":"create post end points hit...","service":"post-service","timestamp":"2025-03-06T01:21:24.075Z"}
{"level":"info","message":"Event Published: post.created","service":"post-service","timestamp":"2025-03-06T01:21:24.115Z"}
{"$__":{"$versionError":null,"activePaths":{"paths":{"content":"require","user":"require"},"states":{"default":{},"modify":{},"require":{"content":true,"user":true}}},"backup":{"activePaths":{"default":{"_id":true,"createdAt":true},"modify":{"content":true,"mediaIds":true,"updatedAt":true,"user":true}},"validationError":null},"cachedRequired":{},"inserting":true,"op":null,"pathsToScopes":{"mediaIds":{"__v":0,"_id":"67c8f89488aebe297a751f12","content":"King kong 3","createdAt":"2025-03-06T01:21:24.077Z","mediaIds":[],"updatedAt":"2025-03-06T01:21:24.077Z","user":"67c2b7a59875917e476f4952"}},"saveOptions":null,"savedState":{},"saving":null,"validating":null},"$isNew":false,"_doc":{"__v":0,"_id":"67c8f89488aebe297a751f12","content":"King kong 3","createdAt":"2025-03-06T01:21:24.077Z","mediaIds":[],"updatedAt":"2025-03-06T01:21:24.077Z","user":"67c2b7a59875917e476f4952"},"level":"info","message":"Post created successfully","service":"post-service","timestamp":"2025-03-06T01:21:24.116Z"}
{"level":"info","message":"Recieved POST request to /api/posts/create-post","service":"post-service","timestamp":"2025-03-06T01:23:21.000Z"}
{"level":"info","message":"Request body, [object Object]","service":"post-service","timestamp":"2025-03-06T01:23:21.000Z"}
{"level":"info","message":"create post end points hit...","service":"post-service","timestamp":"2025-03-06T01:23:21.001Z"}
{"level":"info","message":"Event Published: post.created","service":"post-service","timestamp":"2025-03-06T01:23:21.045Z"}
{"$__":{"$versionError":null,"activePaths":{"paths":{"content":"require","user":"require"},"states":{"default":{},"modify":{},"require":{"content":true,"user":true}}},"backup":{"activePaths":{"default":{"_id":true,"createdAt":true},"modify":{"content":true,"mediaIds":true,"updatedAt":true,"user":true}},"validationError":null},"cachedRequired":{},"inserting":true,"op":null,"pathsToScopes":{"mediaIds":{"__v":0,"_id":"67c8f90988aebe297a751f14","content":"King kong 3","createdAt":"2025-03-06T01:23:21.002Z","mediaIds":[],"updatedAt":"2025-03-06T01:23:21.002Z","user":"67c2b7a59875917e476f4952"}},"saveOptions":null,"savedState":{},"saving":null,"validating":null},"$isNew":false,"_doc":{"__v":0,"_id":"67c8f90988aebe297a751f14","content":"King kong 3","createdAt":"2025-03-06T01:23:21.002Z","mediaIds":[],"updatedAt":"2025-03-06T01:23:21.002Z","user":"67c2b7a59875917e476f4952"},"level":"info","message":"Post created successfully","service":"post-service","timestamp":"2025-03-06T01:23:21.046Z"}
{"level":"info","message":"Recieved POST request to /api/posts/create-post","service":"post-service","timestamp":"2025-03-06T01:24:29.788Z"}
{"level":"info","message":"Request body, [object Object]","service":"post-service","timestamp":"2025-03-06T01:24:29.788Z"}
{"level":"info","message":"create post end points hit...","service":"post-service","timestamp":"2025-03-06T01:24:29.790Z"}
{"level":"info","message":"Event Published: post.created","service":"post-service","timestamp":"2025-03-06T01:24:29.828Z"}
{"$__":{"$versionError":null,"activePaths":{"paths":{"content":"require","user":"require"},"states":{"default":{},"modify":{},"require":{"content":true,"user":true}}},"backup":{"activePaths":{"default":{"_id":true,"createdAt":true},"modify":{"content":true,"mediaIds":true,"updatedAt":true,"user":true}},"validationError":null},"cachedRequired":{},"inserting":true,"op":null,"pathsToScopes":{"mediaIds":{"__v":0,"_id":"67c8f94d88aebe297a751f16","content":"King kong 3","createdAt":"2025-03-06T01:24:29.792Z","mediaIds":[],"updatedAt":"2025-03-06T01:24:29.792Z","user":"67c2b7a59875917e476f4952"}},"saveOptions":null,"savedState":{},"saving":null,"validating":null},"$isNew":false,"_doc":{"__v":0,"_id":"67c8f94d88aebe297a751f16","content":"King kong 3","createdAt":"2025-03-06T01:24:29.792Z","mediaIds":[],"updatedAt":"2025-03-06T01:24:29.792Z","user":"67c2b7a59875917e476f4952"},"level":"info","message":"Post created successfully","service":"post-service","timestamp":"2025-03-06T01:24:29.828Z"}
{"level":"info","message":"Recieved POST request to /api/posts/create-post","service":"post-service","timestamp":"2025-03-06T01:24:56.166Z"}
{"level":"info","message":"Request body, [object Object]","service":"post-service","timestamp":"2025-03-06T01:24:56.166Z"}
{"level":"info","message":"create post end points hit...","service":"post-service","timestamp":"2025-03-06T01:24:56.167Z"}
{"level":"info","message":"Event Published: post.created","service":"post-service","timestamp":"2025-03-06T01:24:56.205Z"}
{"$__":{"$versionError":null,"activePaths":{"paths":{"content":"require","user":"require"},"states":{"default":{},"modify":{},"require":{"content":true,"user":true}}},"backup":{"activePaths":{"default":{"_id":true,"createdAt":true},"modify":{"content":true,"mediaIds":true,"updatedAt":true,"user":true}},"validationError":null},"cachedRequired":{},"inserting":true,"op":null,"pathsToScopes":{"mediaIds":{"__v":0,"_id":"67c8f96888aebe297a751f18","content":"Hello king","createdAt":"2025-03-06T01:24:56.169Z","mediaIds":[],"updatedAt":"2025-03-06T01:24:56.169Z","user":"67c2b7a59875917e476f4952"}},"saveOptions":null,"savedState":{},"saving":null,"validating":null},"$isNew":false,"_doc":{"__v":0,"_id":"67c8f96888aebe297a751f18","content":"Hello king","createdAt":"2025-03-06T01:24:56.169Z","mediaIds":[],"updatedAt":"2025-03-06T01:24:56.169Z","user":"67c2b7a59875917e476f4952"},"level":"info","message":"Post created successfully","service":"post-service","timestamp":"2025-03-06T01:24:56.206Z"}
{"level":"info","message":"Recieved POST request to /api/posts/create-post","service":"post-service","timestamp":"2025-03-06T01:27:30.435Z"}
{"level":"info","message":"Request body, [object Object]","service":"post-service","timestamp":"2025-03-06T01:27:30.435Z"}
{"level":"info","message":"create post end points hit...","service":"post-service","timestamp":"2025-03-06T01:27:30.436Z"}
{"level":"info","message":"Event Published: post.created","service":"post-service","timestamp":"2025-03-06T01:27:30.472Z"}
{"$__":{"$versionError":null,"activePaths":{"paths":{"content":"require","user":"require"},"states":{"default":{},"modify":{},"require":{"content":true,"user":true}}},"backup":{"activePaths":{"default":{"_id":true,"createdAt":true},"modify":{"content":true,"mediaIds":true,"updatedAt":true,"user":true}},"validationError":null},"cachedRequired":{},"inserting":true,"op":null,"pathsToScopes":{"mediaIds":{"__v":0,"_id":"67c8fa0288aebe297a751f1a","content":"Hello king","createdAt":"2025-03-06T01:27:30.438Z","mediaIds":[],"updatedAt":"2025-03-06T01:27:30.438Z","user":"67c2b7a59875917e476f4952"}},"saveOptions":null,"savedState":{},"saving":null,"validating":null},"$isNew":false,"_doc":{"__v":0,"_id":"67c8fa0288aebe297a751f1a","content":"Hello king","createdAt":"2025-03-06T01:27:30.438Z","mediaIds":[],"updatedAt":"2025-03-06T01:27:30.438Z","user":"67c2b7a59875917e476f4952"},"level":"info","message":"Post created successfully","service":"post-service","timestamp":"2025-03-06T01:27:30.473Z"}
{"level":"info","message":"Recieved POST request to /api/posts/create-post","service":"post-service","timestamp":"2025-03-06T01:28:42.219Z"}
{"level":"info","message":"Request body, [object Object]","service":"post-service","timestamp":"2025-03-06T01:28:42.219Z"}
{"level":"info","message":"create post end points hit...","service":"post-service","timestamp":"2025-03-06T01:28:42.220Z"}
{"level":"info","message":"Event Published: post.created","service":"post-service","timestamp":"2025-03-06T01:28:42.257Z"}
{"$__":{"$versionError":null,"activePaths":{"paths":{"content":"require","user":"require"},"states":{"default":{},"modify":{},"require":{"content":true,"user":true}}},"backup":{"activePaths":{"default":{"_id":true,"createdAt":true},"modify":{"content":true,"mediaIds":true,"updatedAt":true,"user":true}},"validationError":null},"cachedRequired":{},"inserting":true,"op":null,"pathsToScopes":{"mediaIds":{"__v":0,"_id":"67c8fa4a88aebe297a751f1c","content":"Hello king","createdAt":"2025-03-06T01:28:42.221Z","mediaIds":[],"updatedAt":"2025-03-06T01:28:42.221Z","user":"67c2b7a59875917e476f4952"}},"saveOptions":null,"savedState":{},"saving":null,"validating":null},"$isNew":false,"_doc":{"__v":0,"_id":"67c8fa4a88aebe297a751f1c","content":"Hello king","createdAt":"2025-03-06T01:28:42.221Z","mediaIds":[],"updatedAt":"2025-03-06T01:28:42.221Z","user":"67c2b7a59875917e476f4952"},"level":"info","message":"Post created successfully","service":"post-service","timestamp":"2025-03-06T01:28:42.258Z"}
{"level":"info","message":"Recieved POST request to /api/posts/create-post","service":"post-service","timestamp":"2025-03-06T01:29:14.033Z"}
{"level":"info","message":"Request body, [object Object]","service":"post-service","timestamp":"2025-03-06T01:29:14.034Z"}
{"level":"info","message":"create post end points hit...","service":"post-service","timestamp":"2025-03-06T01:29:14.035Z"}
{"level":"info","message":"Event Published: post.created","service":"post-service","timestamp":"2025-03-06T01:29:14.078Z"}
{"$__":{"$versionError":null,"activePaths":{"paths":{"content":"require","user":"require"},"states":{"default":{},"modify":{},"require":{"content":true,"user":true}}},"backup":{"activePaths":{"default":{"_id":true,"createdAt":true},"modify":{"content":true,"mediaIds":true,"updatedAt":true,"user":true}},"validationError":null},"cachedRequired":{},"inserting":true,"op":null,"pathsToScopes":{"mediaIds":{"__v":0,"_id":"67c8fa6a88aebe297a751f1e","content":"Hello king","createdAt":"2025-03-06T01:29:14.036Z","mediaIds":[],"updatedAt":"2025-03-06T01:29:14.036Z","user":"67c2b7a59875917e476f4952"}},"saveOptions":null,"savedState":{},"saving":null,"validating":null},"$isNew":false,"_doc":{"__v":0,"_id":"67c8fa6a88aebe297a751f1e","content":"Hello king","createdAt":"2025-03-06T01:29:14.036Z","mediaIds":[],"updatedAt":"2025-03-06T01:29:14.036Z","user":"67c2b7a59875917e476f4952"},"level":"info","message":"Post created successfully","service":"post-service","timestamp":"2025-03-06T01:29:14.079Z"}
{"level":"info","message":"Recieved POST request to /api/posts/create-post","service":"post-service","timestamp":"2025-03-06T01:29:22.703Z"}
{"level":"info","message":"Request body, [object Object]","service":"post-service","timestamp":"2025-03-06T01:29:22.704Z"}
{"level":"info","message":"create post end points hit...","service":"post-service","timestamp":"2025-03-06T01:29:22.706Z"}
{"level":"info","message":"Event Published: post.created","service":"post-service","timestamp":"2025-03-06T01:29:22.747Z"}
{"$__":{"$versionError":null,"activePaths":{"paths":{"content":"require","user":"require"},"states":{"default":{},"modify":{},"require":{"content":true,"user":true}}},"backup":{"activePaths":{"default":{"_id":true,"createdAt":true},"modify":{"content":true,"mediaIds":true,"updatedAt":true,"user":true}},"validationError":null},"cachedRequired":{},"inserting":true,"op":null,"pathsToScopes":{"mediaIds":{"__v":0,"_id":"67c8fa7288aebe297a751f20","content":"Hello king","createdAt":"2025-03-06T01:29:22.707Z","mediaIds":[],"updatedAt":"2025-03-06T01:29:22.707Z","user":"67c2b7a59875917e476f4952"}},"saveOptions":null,"savedState":{},"saving":null,"validating":null},"$isNew":false,"_doc":{"__v":0,"_id":"67c8fa7288aebe297a751f20","content":"Hello king","createdAt":"2025-03-06T01:29:22.707Z","mediaIds":[],"updatedAt":"2025-03-06T01:29:22.707Z","user":"67c2b7a59875917e476f4952"},"level":"info","message":"Post created successfully","service":"post-service","timestamp":"2025-03-06T01:29:22.747Z"}
{"level":"info","message":"Recieved POST request to /api/posts/create-post","service":"post-service","timestamp":"2025-03-06T01:31:38.470Z"}
{"level":"info","message":"Request body, [object Object]","service":"post-service","timestamp":"2025-03-06T01:31:38.471Z"}
{"level":"info","message":"create post end points hit...","service":"post-service","timestamp":"2025-03-06T01:31:38.472Z"}
{"level":"info","message":"Event Published: post.created","service":"post-service","timestamp":"2025-03-06T01:31:38.507Z"}
{"$__":{"$versionError":null,"activePaths":{"paths":{"content":"require","user":"require"},"states":{"default":{},"modify":{},"require":{"content":true,"user":true}}},"backup":{"activePaths":{"default":{"_id":true,"createdAt":true},"modify":{"content":true,"mediaIds":true,"updatedAt":true,"user":true}},"validationError":null},"cachedRequired":{},"inserting":true,"op":null,"pathsToScopes":{"mediaIds":{"__v":0,"_id":"67c8fafa88aebe297a751f22","content":"Hello king","createdAt":"2025-03-06T01:31:38.473Z","mediaIds":[],"updatedAt":"2025-03-06T01:31:38.473Z","user":"67c2b7a59875917e476f4952"}},"saveOptions":null,"savedState":{},"saving":null,"validating":null},"$isNew":false,"_doc":{"__v":0,"_id":"67c8fafa88aebe297a751f22","content":"Hello king","createdAt":"2025-03-06T01:31:38.473Z","mediaIds":[],"updatedAt":"2025-03-06T01:31:38.473Z","user":"67c2b7a59875917e476f4952"},"level":"info","message":"Post created successfully","service":"post-service","timestamp":"2025-03-06T01:31:38.508Z"}
{"level":"info","message":"Recieved POST request to /api/posts/create-post","service":"post-service","timestamp":"2025-03-06T01:31:49.514Z"}
{"level":"info","message":"Request body, [object Object]","service":"post-service","timestamp":"2025-03-06T01:31:49.515Z"}
{"level":"info","message":"create post end points hit...","service":"post-service","timestamp":"2025-03-06T01:31:49.516Z"}
{"level":"info","message":"Event Published: post.created","service":"post-service","timestamp":"2025-03-06T01:31:49.552Z"}
{"$__":{"$versionError":null,"activePaths":{"paths":{"content":"require","user":"require"},"states":{"default":{},"modify":{},"require":{"content":true,"user":true}}},"backup":{"activePaths":{"default":{"_id":true,"createdAt":true},"modify":{"content":true,"mediaIds":true,"updatedAt":true,"user":true}},"validationError":null},"cachedRequired":{},"inserting":true,"op":null,"pathsToScopes":{"mediaIds":{"__v":0,"_id":"67c8fb0588aebe297a751f24","content":"Hello king","createdAt":"2025-03-06T01:31:49.518Z","mediaIds":[],"updatedAt":"2025-03-06T01:31:49.518Z","user":"67c2b7a59875917e476f4952"}},"saveOptions":null,"savedState":{},"saving":null,"validating":null},"$isNew":false,"_doc":{"__v":0,"_id":"67c8fb0588aebe297a751f24","content":"Hello king","createdAt":"2025-03-06T01:31:49.518Z","mediaIds":[],"updatedAt":"2025-03-06T01:31:49.518Z","user":"67c2b7a59875917e476f4952"},"level":"info","message":"Post created successfully","service":"post-service","timestamp":"2025-03-06T01:31:49.552Z"}
{"level":"info","message":"Recieved POST request to /api/posts/create-post","service":"post-service","timestamp":"2025-03-06T01:33:48.968Z"}
{"level":"info","message":"Request body, [object Object]","service":"post-service","timestamp":"2025-03-06T01:33:48.968Z"}
{"level":"info","message":"create post end points hit...","service":"post-service","timestamp":"2025-03-06T01:33:48.970Z"}
{"level":"info","message":"Event Published: post.created","service":"post-service","timestamp":"2025-03-06T01:33:49.023Z"}
{"$__":{"$versionError":null,"activePaths":{"paths":{"content":"require","user":"require"},"states":{"default":{},"modify":{},"require":{"content":true,"user":true}}},"backup":{"activePaths":{"default":{"_id":true,"createdAt":true},"modify":{"content":true,"mediaIds":true,"updatedAt":true,"user":true}},"validationError":null},"cachedRequired":{},"inserting":true,"op":null,"pathsToScopes":{"mediaIds":{"__v":0,"_id":"67c8fb7c88aebe297a751f26","content":"Hello king","createdAt":"2025-03-06T01:33:48.971Z","mediaIds":[],"updatedAt":"2025-03-06T01:33:48.971Z","user":"67c2b7a59875917e476f4952"}},"saveOptions":null,"savedState":{},"saving":null,"validating":null},"$isNew":false,"_doc":{"__v":0,"_id":"67c8fb7c88aebe297a751f26","content":"Hello king","createdAt":"2025-03-06T01:33:48.971Z","mediaIds":[],"updatedAt":"2025-03-06T01:33:48.971Z","user":"67c2b7a59875917e476f4952"},"level":"info","message":"Post created successfully","service":"post-service","timestamp":"2025-03-06T01:33:49.024Z"}
{"level":"info","message":"Recieved POST request to /api/posts/create-post","service":"post-service","timestamp":"2025-03-06T01:34:15.098Z"}
{"level":"info","message":"Request body, [object Object]","service":"post-service","timestamp":"2025-03-06T01:34:15.099Z"}
{"level":"info","message":"create post end points hit...","service":"post-service","timestamp":"2025-03-06T01:34:15.100Z"}
{"level":"info","message":"Event Published: post.created","service":"post-service","timestamp":"2025-03-06T01:34:15.134Z"}
{"$__":{"$versionError":null,"activePaths":{"paths":{"content":"require","user":"require"},"states":{"default":{},"modify":{},"require":{"content":true,"user":true}}},"backup":{"activePaths":{"default":{"_id":true,"createdAt":true},"modify":{"content":true,"mediaIds":true,"updatedAt":true,"user":true}},"validationError":null},"cachedRequired":{},"inserting":true,"op":null,"pathsToScopes":{"mediaIds":{"__v":0,"_id":"67c8fb9788aebe297a751f28","content":"Hello king 1","createdAt":"2025-03-06T01:34:15.101Z","mediaIds":[],"updatedAt":"2025-03-06T01:34:15.101Z","user":"67c2b7a59875917e476f4952"}},"saveOptions":null,"savedState":{},"saving":null,"validating":null},"$isNew":false,"_doc":{"__v":0,"_id":"67c8fb9788aebe297a751f28","content":"Hello king 1","createdAt":"2025-03-06T01:34:15.101Z","mediaIds":[],"updatedAt":"2025-03-06T01:34:15.101Z","user":"67c2b7a59875917e476f4952"},"level":"info","message":"Post created successfully","service":"post-service","timestamp":"2025-03-06T01:34:15.135Z"}
{"level":"info","message":"Recieved DELETE request to /api/posts/post/67c8f6d1aa01808cdf9df695","service":"post-service","timestamp":"2025-03-06T01:38:33.244Z"}
{"level":"info","message":"Request body, [object Object]","service":"post-service","timestamp":"2025-03-06T01:38:33.245Z"}
{"level":"info","message":"Event Published: post.deleted","service":"post-service","timestamp":"2025-03-06T01:38:33.294Z"}
{"level":"info","message":"Recieved DELETE request to /api/posts/post/67c8fb9788aebe297a751f28","service":"post-service","timestamp":"2025-03-06T01:40:33.038Z"}
{"level":"info","message":"Request body, [object Object]","service":"post-service","timestamp":"2025-03-06T01:40:33.039Z"}
{"level":"info","message":"Event Published: post.deleted","service":"post-service","timestamp":"2025-03-06T01:40:33.099Z"}
