{"level":"info","message":"Identity Service running on PORT 3001","service":"identity-service","timestamp":"2025-02-26T01:40:53.368Z"}
{"level":"info","message":"Identity Service running on PORT 3001","service":"identity-service","timestamp":"2025-02-26T01:40:55.307Z"}
{"level":"info","message":"Connected to mongodb","service":"identity-service","timestamp":"2025-02-26T01:40:55.892Z"}
{"level":"info","message":"Recieved POST request to /api/auth/register","service":"identity-service","timestamp":"2025-02-26T01:50:17.669Z"}
{"level":"info","message":"Request body, [object Object]","service":"identity-service","timestamp":"2025-02-26T01:50:17.670Z"}
{"level":"info","message":"Identity Service running on PORT 3001","service":"identity-service","timestamp":"2025-02-26T01:50:18.959Z"}
{"level":"info","message":"Connected to mongodb","service":"identity-service","timestamp":"2025-02-26T01:50:19.454Z"}
{"level":"info","message":"Recieved POST request to /api/auth/register","service":"identity-service","timestamp":"2025-02-26T01:50:49.685Z"}
{"level":"info","message":"Request body, [object Object]","service":"identity-service","timestamp":"2025-02-26T01:50:49.686Z"}
{"level":"info","message":"Identity Service running on PORT 3001","service":"identity-service","timestamp":"2025-02-26T02:00:10.443Z"}
{"level":"info","message":"Connected to mongodb","service":"identity-service","timestamp":"2025-02-26T02:00:10.960Z"}
{"level":"info","message":"Recieved POST request to /api/auth/register","service":"identity-service","timestamp":"2025-02-26T02:00:21.662Z"}
{"level":"info","message":"Request body, [object Object]","service":"identity-service","timestamp":"2025-02-26T02:00:21.663Z"}
{"level":"info","message":"Registration end points hit...","service":"identity-service","timestamp":"2025-02-26T02:00:21.904Z"}
{"buffer":{"data":[103,190,117,181,199,13,252,3,109,38,141,177],"type":"Buffer"},"level":"warn","message":"User saved successfully","service":"identity-service","timestamp":"2025-02-26T02:00:22.083Z"}
{"level":"info","message":"Recieved POST request to /api/auth/register","service":"identity-service","timestamp":"2025-02-26T02:02:25.278Z"}
{"level":"info","message":"Request body, [object Object]","service":"identity-service","timestamp":"2025-02-26T02:02:25.279Z"}
{"level":"info","message":"Registration end points hit...","service":"identity-service","timestamp":"2025-02-26T02:02:25.281Z"}
{"level":"warn","message":"User already exist","service":"identity-service","timestamp":"2025-02-26T02:02:25.315Z"}
{"level":"info","message":"Recieved POST request to /api/auth/register","service":"identity-service","timestamp":"2025-02-26T02:02:47.827Z"}
{"level":"info","message":"Request body, [object Object]","service":"identity-service","timestamp":"2025-02-26T02:02:47.828Z"}
{"level":"info","message":"Registration end points hit...","service":"identity-service","timestamp":"2025-02-26T02:02:47.830Z"}
{"level":"warn","message":"User already exist","service":"identity-service","timestamp":"2025-02-26T02:02:47.863Z"}
{"level":"info","message":"Identity Service running on PORT 3001","service":"identity-service","timestamp":"2025-02-26T02:22:51.798Z"}
{"level":"info","message":"Identity Service running on PORT 3001","service":"identity-service","timestamp":"2025-02-26T02:22:53.164Z"}
{"level":"info","message":"Connected to mongodb","service":"identity-service","timestamp":"2025-02-26T02:22:53.801Z"}
{"level":"info","message":"Identity Service running on PORT 3001","service":"identity-service","timestamp":"2025-03-01T06:59:12.327Z"}
{"level":"info","message":"Identity Service running on PORT 3001","service":"identity-service","timestamp":"2025-03-01T06:59:14.144Z"}
{"level":"info","message":"Connected to mongodb","service":"identity-service","timestamp":"2025-03-01T06:59:14.720Z"}
{"level":"info","message":"Identity Service running on PORT 3001","service":"identity-service","timestamp":"2025-03-01T07:25:30.581Z"}
{"level":"info","message":"Connected to mongodb","service":"identity-service","timestamp":"2025-03-01T07:25:31.093Z"}
{"level":"info","message":"Recieved POST request to /api/auth/register","service":"identity-service","timestamp":"2025-03-01T07:25:56.276Z"}
{"level":"info","message":"Request body, [object Object]","service":"identity-service","timestamp":"2025-03-01T07:25:56.279Z"}
{"level":"info","message":"Registration end points hit...","service":"identity-service","timestamp":"2025-03-01T07:25:56.288Z"}
{"level":"info","message":"Identity Service running on PORT 3001","service":"identity-service","timestamp":"2025-03-01T07:25:58.384Z"}
{"level":"info","message":"Connected to mongodb","service":"identity-service","timestamp":"2025-03-01T07:25:59.007Z"}
{"level":"info","message":"Recieved POST request to /api/auth/register","service":"identity-service","timestamp":"2025-03-01T07:29:57.041Z"}
{"level":"info","message":"Request body, [object Object]","service":"identity-service","timestamp":"2025-03-01T07:29:57.042Z"}
{"level":"info","message":"Registration end points hit...","service":"identity-service","timestamp":"2025-03-01T07:29:57.052Z"}
{"level":"warn","message":"User already exist","service":"identity-service","timestamp":"2025-03-01T07:29:57.132Z"}
{"level":"info","message":"Recieved POST request to /api/auth/register","service":"identity-service","timestamp":"2025-03-01T07:30:34.324Z"}
{"level":"info","message":"Request body, [object Object]","service":"identity-service","timestamp":"2025-03-01T07:30:34.325Z"}
{"level":"info","message":"Registration end points hit...","service":"identity-service","timestamp":"2025-03-01T07:30:34.329Z"}
{"level":"warn","message":"User already exist","service":"identity-service","timestamp":"2025-03-01T07:30:34.367Z"}
{"level":"info","message":"Recieved POST request to /api/auth/register","service":"identity-service","timestamp":"2025-03-01T07:30:45.162Z"}
{"level":"info","message":"Request body, [object Object]","service":"identity-service","timestamp":"2025-03-01T07:30:45.163Z"}
{"level":"info","message":"Registration end points hit...","service":"identity-service","timestamp":"2025-03-01T07:30:45.166Z"}
{"buffer":{"data":[103,194,183,165,152,117,145,126,71,111,73,82],"type":"Buffer"},"level":"warn","message":"User saved successfully","service":"identity-service","timestamp":"2025-03-01T07:30:45.404Z"}
{"level":"info","message":"Identity Service running on PORT 3001","service":"identity-service","timestamp":"2025-03-01T09:23:19.077Z"}
{"level":"info","message":"Identity Service running on PORT 3001","service":"identity-service","timestamp":"2025-03-01T09:23:20.799Z"}
{"level":"info","message":"Connected to mongodb","service":"identity-service","timestamp":"2025-03-01T09:23:21.343Z"}
{"level":"info","message":"Identity Service running on PORT 3001","service":"identity-service","timestamp":"2025-03-03T16:56:39.848Z"}
{"level":"info","message":"Identity Service running on PORT 3001","service":"identity-service","timestamp":"2025-03-03T16:56:41.003Z"}
{"level":"info","message":"Connected to mongodb","service":"identity-service","timestamp":"2025-03-03T16:56:41.470Z"}
{"level":"info","message":"Recieved POST request to /api/auth/login","service":"identity-service","timestamp":"2025-03-03T17:12:13.886Z"}
{"level":"info","message":"Request body, [object Object]","service":"identity-service","timestamp":"2025-03-03T17:12:13.886Z"}
{"level":"info","message":"Login endpoint hit...","service":"identity-service","timestamp":"2025-03-03T17:12:13.891Z"}
{"level":"warn","message":"Invalid password","service":"identity-service","timestamp":"2025-03-03T17:12:14.014Z"}
{"level":"info","message":"Identity Service running on PORT 3001","service":"identity-service","timestamp":"2025-03-03T17:12:15.231Z"}
{"level":"info","message":"Connected to mongodb","service":"identity-service","timestamp":"2025-03-03T17:12:15.743Z"}
{"level":"info","message":"Recieved POST request to /api/auth/login","service":"identity-service","timestamp":"2025-03-03T17:12:22.413Z"}
{"level":"info","message":"Request body, [object Object]","service":"identity-service","timestamp":"2025-03-03T17:12:22.414Z"}
{"level":"info","message":"Login endpoint hit...","service":"identity-service","timestamp":"2025-03-03T17:12:22.419Z"}
{"level":"info","message":"Identity Service running on PORT 3001","service":"identity-service","timestamp":"2025-03-05T23:17:49.289Z"}
{"level":"info","message":"Identity Service running on PORT 3001","service":"identity-service","timestamp":"2025-03-05T23:17:51.129Z"}
{"level":"info","message":"Connected to mongodb","service":"identity-service","timestamp":"2025-03-05T23:17:51.670Z"}
{"level":"info","message":"Recieved POST request to /api/auth/login","service":"identity-service","timestamp":"2025-03-05T23:19:43.917Z"}
{"level":"info","message":"Request body, [object Object]","service":"identity-service","timestamp":"2025-03-05T23:19:43.919Z"}
{"level":"info","message":"Login endpoint hit...","service":"identity-service","timestamp":"2025-03-05T23:19:43.927Z"}
{"level":"info","message":"Identity Service running on PORT 3001","service":"identity-service","timestamp":"2025-03-05T23:19:46.161Z"}
{"level":"info","message":"Connected to mongodb","service":"identity-service","timestamp":"2025-03-05T23:19:46.764Z"}
{"level":"info","message":"Recieved POST request to /api/auth/login","service":"identity-service","timestamp":"2025-03-05T23:20:06.655Z"}
{"level":"info","message":"Request body, [object Object]","service":"identity-service","timestamp":"2025-03-05T23:20:06.656Z"}
{"level":"info","message":"Login endpoint hit...","service":"identity-service","timestamp":"2025-03-05T23:20:06.661Z"}
{"level":"info","message":"Identity Service running on PORT 3001","service":"identity-service","timestamp":"2025-03-06T00:22:28.061Z"}
{"level":"info","message":"Identity Service running on PORT 3001","service":"identity-service","timestamp":"2025-03-06T00:22:29.968Z"}
{"level":"info","message":"Connected to mongodb","service":"identity-service","timestamp":"2025-03-06T00:22:30.499Z"}
{"level":"info","message":"Recieved POST request to /api/auth/login","service":"identity-service","timestamp":"2025-03-06T01:21:01.243Z"}
{"level":"info","message":"Request body, [object Object]","service":"identity-service","timestamp":"2025-03-06T01:21:01.245Z"}
{"level":"info","message":"Login endpoint hit...","service":"identity-service","timestamp":"2025-03-06T01:21:01.253Z"}
{"level":"info","message":"Identity Service running on PORT 3001","service":"identity-service","timestamp":"2025-03-06T01:21:02.532Z"}
{"level":"info","message":"Connected to mongodb","service":"identity-service","timestamp":"2025-03-06T01:21:03.095Z"}
{"level":"info","message":"Recieved POST request to /api/auth/login","service":"identity-service","timestamp":"2025-03-06T01:21:03.296Z"}
{"level":"info","message":"Request body, [object Object]","service":"identity-service","timestamp":"2025-03-06T01:21:03.297Z"}
{"level":"info","message":"Login endpoint hit...","service":"identity-service","timestamp":"2025-03-06T01:21:03.301Z"}
