{"level":"info","message":"Media Service running on port 3003","service":"media-service","timestamp":"2025-03-03T16:41:03.639Z"}
{"level":"info","message":"Connected to mongodb","service":"media-service","timestamp":"2025-03-03T16:41:04.185Z"}
{"level":"info","message":"Media Service running on port 3003","service":"media-service","timestamp":"2025-03-03T16:56:27.639Z"}
{"level":"info","message":"Connected to mongodb","service":"media-service","timestamp":"2025-03-03T16:56:28.159Z"}
{"level":"info","message":"Recieved POST request to /api/media/upload","service":"media-service","timestamp":"2025-03-03T17:15:29.660Z"}
{"level":"info","message":"Request body, [object Object]","service":"media-service","timestamp":"2025-03-03T17:15:29.661Z"}
{"level":"info","message":"starting a media upload file","service":"media-service","timestamp":"2025-03-03T17:15:29.674Z"}
{"level":"info","message":"file details: name=Screenshot 2025-03-03 223724.png, type=image/png","service":"media-service","timestamp":"2025-03-03T17:15:29.675Z"}
{"level":"info","message":"uploading to cloudinary starting..","service":"media-service","timestamp":"2025-03-03T17:15:29.675Z"}
{"level":"info","message":"cloudinary upload successfull. PublicId - vn6g0qbiirp8lkp5txfa","service":"media-service","timestamp":"2025-03-03T17:15:31.671Z"}
{"level":"info","message":"Media Service running on port 3003","service":"media-service","timestamp":"2025-03-03T17:53:28.347Z"}
{"level":"info","message":"Media Service running on port 3003","service":"media-service","timestamp":"2025-03-03T17:53:30.641Z"}
{"level":"info","message":"Connected to mongodb","service":"media-service","timestamp":"2025-03-03T17:53:31.182Z"}
{"level":"info","message":"Media Service running on port 3003","service":"media-service","timestamp":"2025-03-03T18:53:45.927Z"}
{"level":"info","message":"Media Service running on port 3003","service":"media-service","timestamp":"2025-03-03T18:53:48.606Z"}
{"level":"info","message":"Connected to mongodb","service":"media-service","timestamp":"2025-03-03T18:53:49.140Z"}
{"level":"info","message":"connected to rabbit Mq","service":"media-service","timestamp":"2025-03-05T23:18:04.385Z"}
{"level":"info","message":"Subscribe to event: post.deleted","service":"media-service","timestamp":"2025-03-05T23:18:04.423Z"}
{"level":"info","message":"Media Service running on port 3003","service":"media-service","timestamp":"2025-03-05T23:18:04.427Z"}
{"level":"info","message":"Connected to mongodb","service":"media-service","timestamp":"2025-03-05T23:18:04.752Z"}
{"level":"info","message":"connected to rabbit Mq","service":"media-service","timestamp":"2025-03-05T23:54:42.967Z"}
{"level":"info","message":"Subscribe to event: post.deleted","service":"media-service","timestamp":"2025-03-05T23:54:42.981Z"}
{"level":"info","message":"Media Service running on port 3003","service":"media-service","timestamp":"2025-03-05T23:54:42.987Z"}
{"level":"info","message":"Connected to mongodb","service":"media-service","timestamp":"2025-03-05T23:54:43.409Z"}
{"level":"info","message":"connected to rabbit Mq","service":"media-service","timestamp":"2025-03-05T23:55:44.575Z"}
{"level":"info","message":"Subscribe to event: post.deleted","service":"media-service","timestamp":"2025-03-05T23:55:44.613Z"}
{"level":"info","message":"Media Service running on port 3003","service":"media-service","timestamp":"2025-03-05T23:55:44.618Z"}
{"level":"info","message":"Connected to mongodb","service":"media-service","timestamp":"2025-03-05T23:55:44.992Z"}
{"0":"v","1":"n","10":"p","11":"8","12":"l","13":"k","14":"p","15":"5","16":"t","17":"x","18":"f","19":"a","2":"6","3":"g","4":"0","5":"q","6":"b","7":"i","8":"i","9":"r","level":"info","message":"Media deleted successfully from cloud storage","service":"media-service","timestamp":"2025-03-05T23:57:08.820Z"}
{"level":"info","message":"Deleted Media 67c5e3b3be267948e68838d4 from Post 67c5e6886436548afa240193","service":"media-service","timestamp":"2025-03-05T23:57:08.872Z"}
{"level":"info","message":"connected to rabbit Mq","service":"media-service","timestamp":"2025-03-06T00:19:04.926Z"}
{"level":"info","message":"Subscribe to event: post.deleted","service":"media-service","timestamp":"2025-03-06T00:19:04.944Z"}
{"level":"info","message":"Media Service running on port 3003","service":"media-service","timestamp":"2025-03-06T00:19:04.948Z"}
{"level":"info","message":"Connected to mongodb","service":"media-service","timestamp":"2025-03-06T00:19:05.318Z"}
